<?xml version="1.0" encoding="UTF-8"?>
<!-- Generated by org.testng.reporters.JUnitXMLReporter -->
<testsuite hostname="DESKTOP-VEOTJMG" ignored="0" name="Default test" tests="3" failures="0" timestamp="2021-09-22T20:18:34 EET" time="16.441" errors="0">
  <testcase name="FillinRegistrationForm" time="8.467" classname="tests.RegisterTest"/>
  <testcase name="UserCanLoginFacebookWithInvalidData" time="1.51" classname="tests.RegisterTest"/>
  <testcase name="UserCanLoginFacebookWithValidData" time="6.44" classname="tests.RegisterTest"/>
</testsuite> <!-- Default test -->
