<?xml version="1.0" encoding="UTF-8"?>
<testng-results skipped="0" failed="0" ignored="0" total="3" passed="3">
  <reporter-output>
  </reporter-output>
  <suite name="Default suite" duration-ms="16441" started-at="2021-09-22T20:18:18 EET" finished-at="2021-09-22T20:18:34 EET">
    <groups>
    </groups>
    <test name="Default test" duration-ms="16441" started-at="2021-09-22T20:18:18 EET" finished-at="2021-09-22T20:18:34 EET">
      <class name="tests.RegisterTest">
        <test-method status="PASS" signature="openURL()[pri:0, instance:tests.RegisterTest@7e94d093]" name="openURL" is-config="true" duration-ms="10767" started-at="2021-09-22T20:18:07 EET" finished-at="2021-09-22T20:18:18 EET">
          <reporter-output>
          </reporter-output>
        </test-method> <!-- openURL -->
        <test-method status="PASS" signature="FillinRegistrationForm()[pri:0, instance:tests.RegisterTest@7e94d093]" name="FillinRegistrationForm" duration-ms="8467" started-at="2021-09-22T20:18:18 EET" finished-at="2021-09-22T20:18:26 EET">
          <reporter-output>
          </reporter-output>
        </test-method> <!-- FillinRegistrationForm -->
        <test-method status="PASS" signature="UserCanLoginFacebookWithInvalidData()[pri:0, instance:tests.RegisterTest@7e94d093]" name="UserCanLoginFacebookWithInvalidData" duration-ms="1510" started-at="2021-09-22T20:18:26 EET" finished-at="2021-09-22T20:18:28 EET">
          <reporter-output>
          </reporter-output>
        </test-method> <!-- UserCanLoginFacebookWithInvalidData -->
        <test-method status="PASS" signature="UserCanLoginFacebookWithValidData()[pri:0, instance:tests.RegisterTest@7e94d093]" name="UserCanLoginFacebookWithValidData" duration-ms="6440" started-at="2021-09-22T20:18:28 EET" finished-at="2021-09-22T20:18:34 EET">
          <reporter-output>
          </reporter-output>
        </test-method> <!-- UserCanLoginFacebookWithValidData -->
        <test-method status="PASS" signature="stopDriver()[pri:0, instance:tests.RegisterTest@7e94d093]" name="stopDriver" is-config="true" duration-ms="1" started-at="2021-09-22T20:18:34 EET" finished-at="2021-09-22T20:18:34 EET">
          <reporter-output>
          </reporter-output>
        </test-method> <!-- stopDriver -->
      </class> <!-- tests.RegisterTest -->
    </test> <!-- Default test -->
  </suite> <!-- Default suite -->
</testng-results>
